<?xml version="1.0" encoding="UTF-8"?>
<!-- Generated by org.testng.reporters.JUnitXMLReporter -->
<testsuite hostname="LAPTOP-ORI8JR52" ignored="0" name="Test" tests="3" failures="0" timestamp="2020-04-12T11:29:24 IST" time="8.561" errors="0">
  <testcase name="validateCreateUserAPIWithValidData" time="4.08" classname="com.w2a.API_Automation.testCases.TestCreateUserAPI"/>
  <testcase name="validateCreateUserAPIWithValidData" time="1.817" classname="com.w2a.API_Automation.testCases.TestCreateUserAPI"/>
  <testcase name="validateCreateUserAPIWithValidData" time="1.87" classname="com.w2a.API_Automation.testCases.TestCreateUserAPI"/>
</testsuite> <!-- Test -->
