<?xml version="1.0" encoding="UTF-8"?>
<!-- Generated by org.testng.reporters.JUnitXMLReporter -->
<testsuite hostname="LAPTOP-ORI8JR52" ignored="2" name="Test" tests="4" failures="0" timestamp="2020-04-20T16:29:37 IST" time="8.8" errors="0">
  <testcase name="validateCreateCustomerAPIWithValidData" time="3.316" classname="com.w2a.API_Automation.testCases.TestCreateCostumerAPI"/>
  <testcase name="validateCreateUserAPIWithValidData" time="2.046" classname="com.w2a.API_Automation.testCases.TestCreateUserAPI"/>
  <testcase name="validateCreateUserAPIWithValidData" time="1.268" classname="com.w2a.API_Automation.testCases.TestCreateUserAPI"/>
  <testcase name="validateCreateUserAPIWithValidData" time="1.517" classname="com.w2a.API_Automation.testCases.TestCreateUserAPI"/>
  <testcase name="@BeforeSuite beforeSuite" time="0.0" classname="com.w2a.API_Automation.setUp.APISetUp">
    <ignored/>
  </testcase> <!-- @BeforeSuite beforeSuite -->
  <testcase name="@AfterSuite afterSuite" time="0.0" classname="com.w2a.API_Automation.setUp.APISetUp">
    <ignored/>
  </testcase> <!-- @AfterSuite afterSuite -->
</testsuite> <!-- Test -->
