<?xml version="1.0" encoding="UTF-8"?>
<testng-results skipped="0" failed="0" ignored="0" total="3" passed="3">
  <reporter-output>
  </reporter-output>
  <suite name="Suite" duration-ms="8561" started-at="2020-04-12T11:29:15 IST" finished-at="2020-04-12T11:29:24 IST">
    <groups>
    </groups>
    <test name="Test" duration-ms="8561" started-at="2020-04-12T11:29:15 IST" finished-at="2020-04-12T11:29:24 IST">
      <class name="com.w2a.API_Automation.testCases.TestCreateUserAPI">
        <test-method status="PASS" signature="beforeSuite()[pri:0, instance:com.w2a.API_Automation.testCases.TestCreateUserAPI@515c6049]" name="beforeSuite" is-config="true" duration-ms="469" started-at="2020-04-12T11:29:15 IST" finished-at="2020-04-12T11:29:15 IST">
          <reporter-output>
          </reporter-output>
        </test-method> <!-- beforeSuite -->
        <test-method status="PASS" signature="beforeClass()[pri:0, instance:com.w2a.API_Automation.testCases.TestCreateUserAPI@515c6049]" name="beforeClass" is-config="true" duration-ms="7" started-at="2020-04-12T11:29:15 IST" finished-at="2020-04-12T11:29:15 IST">
          <reporter-output>
          </reporter-output>
        </test-method> <!-- beforeClass -->
        <test-method status="PASS" signature="beforeMethod(java.lang.reflect.Method)[pri:0, instance:com.w2a.API_Automation.testCases.TestCreateUserAPI@515c6049]" name="beforeMethod" is-config="true" duration-ms="0" started-at="2020-04-12T11:29:15 IST" finished-at="2020-04-12T11:29:15 IST">
          <params>
            <param index="0">
              <value>
                <![CDATA[public void com.w2a.API_Automation.testCases.TestCreateUserAPI.validateCreateUserAPIWithValidData(java.util.Hashtable)]]>
              </value>
            </param>
          </params>
          <reporter-output>
          </reporter-output>
        </test-method> <!-- beforeMethod -->
        <test-method status="PASS" signature="validateCreateUserAPIWithValidData(java.util.Hashtable)[pri:0, instance:com.w2a.API_Automation.testCases.TestCreateUserAPI@515c6049]" name="validateCreateUserAPIWithValidData" duration-ms="4080" started-at="2020-04-12T11:29:15 IST" data-provider="dp" finished-at="2020-04-12T11:29:19 IST">
          <params>
            <param index="0">
              <value>
                <![CDATA[{name=Rahul Arora, job=Selenium Master}]]>
              </value>
            </param>
          </params>
          <reporter-output>
          </reporter-output>
        </test-method> <!-- validateCreateUserAPIWithValidData -->
        <test-method status="PASS" signature="afterMethod(org.testng.ITestResult)[pri:0, instance:com.w2a.API_Automation.testCases.TestCreateUserAPI@515c6049]" name="afterMethod" is-config="true" duration-ms="0" started-at="2020-04-12T11:29:20 IST" finished-at="2020-04-12T11:29:20 IST">
          <params>
            <param index="0">
              <value>
                <![CDATA[[TestResult name=validateCreateUserAPIWithValidData status=SUCCESS method=TestCreateUserAPI.validateCreateUserAPIWithValidData(java.util.Hashtable)[pri:0, instance:com.w2a.API_Automation.testCases.TestCreateUserAPI@515c6049] output={null}]]]>
              </value>
            </param>
          </params>
          <reporter-output>
          </reporter-output>
        </test-method> <!-- afterMethod -->
        <test-method status="PASS" signature="beforeMethod(java.lang.reflect.Method)[pri:0, instance:com.w2a.API_Automation.testCases.TestCreateUserAPI@515c6049]" name="beforeMethod" is-config="true" duration-ms="0" started-at="2020-04-12T11:29:20 IST" finished-at="2020-04-12T11:29:20 IST">
          <params>
            <param index="0">
              <value>
                <![CDATA[public void com.w2a.API_Automation.testCases.TestCreateUserAPI.validateCreateUserAPIWithValidData(java.util.Hashtable)]]>
              </value>
            </param>
          </params>
          <reporter-output>
          </reporter-output>
        </test-method> <!-- beforeMethod -->
        <test-method status="PASS" signature="validateCreateUserAPIWithValidData(java.util.Hashtable)[pri:0, instance:com.w2a.API_Automation.testCases.TestCreateUserAPI@515c6049]" name="validateCreateUserAPIWithValidData" duration-ms="1817" started-at="2020-04-12T11:29:20 IST" data-provider="dp" finished-at="2020-04-12T11:29:22 IST">
          <params>
            <param index="0">
              <value>
                <![CDATA[{name=Deepak, job=Ui Developer}]]>
              </value>
            </param>
          </params>
          <reporter-output>
          </reporter-output>
        </test-method> <!-- validateCreateUserAPIWithValidData -->
        <test-method status="PASS" signature="afterMethod(org.testng.ITestResult)[pri:0, instance:com.w2a.API_Automation.testCases.TestCreateUserAPI@515c6049]" name="afterMethod" is-config="true" duration-ms="0" started-at="2020-04-12T11:29:22 IST" finished-at="2020-04-12T11:29:22 IST">
          <params>
            <param index="0">
              <value>
                <![CDATA[[TestResult name=validateCreateUserAPIWithValidData status=SUCCESS method=TestCreateUserAPI.validateCreateUserAPIWithValidData(java.util.Hashtable)[pri:0, instance:com.w2a.API_Automation.testCases.TestCreateUserAPI@515c6049] output={null}]]]>
              </value>
            </param>
          </params>
          <reporter-output>
          </reporter-output>
        </test-method> <!-- afterMethod -->
        <test-method status="PASS" signature="beforeMethod(java.lang.reflect.Method)[pri:0, instance:com.w2a.API_Automation.testCases.TestCreateUserAPI@515c6049]" name="beforeMethod" is-config="true" duration-ms="4" started-at="2020-04-12T11:29:22 IST" finished-at="2020-04-12T11:29:22 IST">
          <params>
            <param index="0">
              <value>
                <![CDATA[public void com.w2a.API_Automation.testCases.TestCreateUserAPI.validateCreateUserAPIWithValidData(java.util.Hashtable)]]>
              </value>
            </param>
          </params>
          <reporter-output>
          </reporter-output>
        </test-method> <!-- beforeMethod -->
        <test-method status="PASS" signature="validateCreateUserAPIWithValidData(java.util.Hashtable)[pri:0, instance:com.w2a.API_Automation.testCases.TestCreateUserAPI@515c6049]" name="validateCreateUserAPIWithValidData" duration-ms="1870" started-at="2020-04-12T11:29:22 IST" data-provider="dp" finished-at="2020-04-12T11:29:24 IST">
          <params>
            <param index="0">
              <value>
                <![CDATA[{name=Anil, job=Tech Lead}]]>
              </value>
            </param>
          </params>
          <reporter-output>
          </reporter-output>
        </test-method> <!-- validateCreateUserAPIWithValidData -->
        <test-method status="PASS" signature="afterMethod(org.testng.ITestResult)[pri:0, instance:com.w2a.API_Automation.testCases.TestCreateUserAPI@515c6049]" name="afterMethod" is-config="true" duration-ms="0" started-at="2020-04-12T11:29:24 IST" finished-at="2020-04-12T11:29:24 IST">
          <params>
            <param index="0">
              <value>
                <![CDATA[[TestResult name=validateCreateUserAPIWithValidData status=SUCCESS method=TestCreateUserAPI.validateCreateUserAPIWithValidData(java.util.Hashtable)[pri:0, instance:com.w2a.API_Automation.testCases.TestCreateUserAPI@515c6049] output={null}]]]>
              </value>
            </param>
          </params>
          <reporter-output>
          </reporter-output>
        </test-method> <!-- afterMethod -->
        <test-method status="PASS" signature="afterSuite()[pri:0, instance:com.w2a.API_Automation.testCases.TestCreateUserAPI@515c6049]" name="afterSuite" is-config="true" duration-ms="1" started-at="2020-04-12T11:29:24 IST" finished-at="2020-04-12T11:29:24 IST">
          <reporter-output>
          </reporter-output>
        </test-method> <!-- afterSuite -->
      </class> <!-- com.w2a.API_Automation.testCases.TestCreateUserAPI -->
    </test> <!-- Test -->
  </suite> <!-- Suite -->
</testng-results>
